<?xml version="1.0" encoding="UTF-8"?>
<testng-results ignored="0" total="1" passed="1" failed="0" skipped="0">
  <reporter-output>
  </reporter-output>
  <suite started-at="2021-05-31T09:24:39 IST" name="Automation Test Suite" finished-at="2021-05-31T09:24:39 IST" duration-ms="53">
    <groups>
    </groups>
    <test started-at="2021-05-31T09:24:39 IST" name=" TC" finished-at="2021-05-31T09:24:39 IST" duration-ms="53">
      <class name="FetchCurrentDateTime">
        <test-method signature="getDateTime()[pri:0, instance:FetchCurrentDateTime@72cde7cc]" started-at="2021-05-31T09:24:39 IST" name="getDateTime" finished-at="2021-05-31T09:24:39 IST" duration-ms="27" status="PASS">
          <reporter-output>
          </reporter-output>
        </test-method> <!-- getDateTime -->
      </class> <!-- FetchCurrentDateTime -->
    </test> <!--  TC -->
  </suite> <!-- Automation Test Suite -->
</testng-results>
